10.06.2026 22:04 - Программа запушена
10.06.2026 22:05 - Загружаем файл sleep_log.txt по адрссу: C:\Users\Megus\IdeaProjects\java-sleep-tracker\src\main\resources\sleep_log.txt
10.06.2026 22:05 - Файл загружен размер массива 13
10.06.2026 22:05 - Начинаем заполнять List<SleepingSession>
10.06.2026 22:05 - Элемент [01.10.25 23:15, 02.10.25 07:30, GOOD]
10.06.2026 22:05 - Элемент [02.10.25 23:50, 03.10.25 06:40, NORMAL]
10.06.2026 22:05 - Элемент [03.10.25 14:10, 03.10.25 15:00, NORMAL]
10.06.2026 22:05 - Элемент [03.10.25 23:40, 04.10.25 08:00, BAD]
10.06.2026 22:05 - Элемент [05.10.25 00:10, 05.10.25 06:20, GOOD]
10.06.2026 22:05 - Элемент [05.10.25 13:30, 05.10.25 14:15, NORMAL]
10.06.2026 22:05 - Элемент [06.10.25 22:30, 07.10.25 05:50, GOOD]
10.06.2026 22:05 - Элемент [07.10.25 23:45, 08.10.25 06:30, GOOD]
10.06.2026 22:05 - Элемент [08.10.25 23:50, 09.10.25 07:10, GOOD]
10.06.2026 22:05 - Элемент [10.10.25 13:00, 10.10.25 14:30, NORMAL]
10.06.2026 22:05 - Элемент [10.10.25 23:55, 11.10.25 06:10, GOOD]
10.06.2026 22:05 - Элемент [11.10.25 23:10, 12.10.25 07:00, BAD]
10.06.2026 22:05 - Элемент [30.10.25 23:50, 31.10.25 06:30, GOOD]
10.06.2026 22:45 - Программа запушена
10.06.2026 22:45 - Загружаем файл sleep_log.txt по адрссу: C:\Users\Megus\IdeaProjects\java-sleep-tracker\src\main\resources\sleep_log.txt
10.06.2026 22:45 - Файл загружен размер массива 13
10.06.2026 22:45 - Начинаем заполнять List<SleepingSession>
10.06.2026 22:45 - Элемент [01.10.25 23:15, 02.10.25 07:30, GOOD]
10.06.2026 22:45 - Элемент [02.10.25 23:50, 03.10.25 06:40, NORMAL]
10.06.2026 22:45 - Элемент [03.10.25 14:10, 03.10.25 15:00, NORMAL]
10.06.2026 22:45 - Элемент [03.10.25 23:40, 04.10.25 08:00, BAD]
10.06.2026 22:45 - Элемент [05.10.25 00:10, 05.10.25 06:20, GOOD]
10.06.2026 22:45 - Элемент [05.10.25 13:30, 05.10.25 14:15, NORMAL]
10.06.2026 22:45 - Элемент [06.10.25 22:30, 07.10.25 05:50, GOOD]
10.06.2026 22:45 - Элемент [07.10.25 23:45, 08.10.25 06:30, GOOD]
10.06.2026 22:45 - Элемент [08.10.25 23:50, 09.10.25 07:10, GOOD]
10.06.2026 22:45 - Элемент [10.10.25 13:00, 10.10.25 14:30, NORMAL]
10.06.2026 22:45 - Элемент [10.10.25 23:55, 11.10.25 06:10, GOOD]
10.06.2026 22:45 - Элемент [11.10.25 23:10, 12.10.25 07:00, BAD]
10.06.2026 22:45 - Элемент [30.10.25 23:50, 31.10.25 06:30, GOOD]
