10.06.2026 22:37 - Анализ SleepTypeFunction
10.06.2026 22:37 - Фильтрация прошла было элементов 6 стало -> 6
10.06.2026 22:37 - Взят элемент # 2025-01-01T19:30 -> 2025-01-02T06:30
10.06.2026 22:37 - Указан как жаворонок
10.06.2026 22:37 - Взят элемент # 2025-01-02T20:30 -> 2025-01-03T06:50
10.06.2026 22:37 - Указан как жаворонок
10.06.2026 22:37 - Взят элемент # 2025-01-04T17:30 -> 2025-01-05T05:30
10.06.2026 22:37 - Указан как жаворонок
10.06.2026 22:37 - Взят элемент # 2025-01-05T23:30 -> 2025-01-06T10:00
10.06.2026 22:37 - Указан как сова
10.06.2026 22:37 - Взят элемент # 2025-01-06T23:30 -> 2025-01-07T10:00
10.06.2026 22:37 - Указан как сова
10.06.2026 22:37 - Взят элемент # 2025-01-07T23:30 -> 2025-01-08T10:00
10.06.2026 22:37 - Указан как сова
10.06.2026 22:37 - Маппинг прошел - считаем
10.06.2026 22:37 - Жаворонок -> 3
10.06.2026 22:37 - Сова -> 3
10.06.2026 22:37 - Выбран Жаворонок
10.06.2026 22:38 - Анализ SleepTypeFunction
10.06.2026 22:38 - Фильтрация прошла было элементов 5 стало -> 5
10.06.2026 22:38 - Взят элемент # 2025-01-01T19:30 -> 2025-01-02T06:30
10.06.2026 22:38 - Указан как жаворонок
10.06.2026 22:38 - Взят элемент # 2025-01-02T20:30 -> 2025-01-03T06:50
10.06.2026 22:38 - Указан как жаворонок
10.06.2026 22:38 - Взят элемент # 2025-01-04T17:30 -> 2025-01-05T05:30
10.06.2026 22:38 - Указан как жаворонок
10.06.2026 22:38 - Взят элемент # 2025-01-05T23:30 -> 2025-01-06T10:00
10.06.2026 22:38 - Указан как сова
10.06.2026 22:38 - Взят элемент # 2025-01-06T23:30 -> 2025-01-07T10:00
10.06.2026 22:38 - Указан как сова
10.06.2026 22:38 - Маппинг прошел - считаем
10.06.2026 22:38 - Жаворонок -> 3
10.06.2026 22:38 - Сова -> 2
10.06.2026 22:38 - Выбран Жаворонок
10.06.2026 22:38 - Анализ SleepTypeFunction
10.06.2026 22:38 - Фильтрация прошла было элементов 5 стало -> 5
10.06.2026 22:38 - Взят элемент # 2025-01-01T23:30 -> 2025-01-02T10:30
10.06.2026 22:38 - Указан как сова
10.06.2026 22:38 - Взят элемент # 2025-01-02T23:30 -> 2025-01-03T10:30
10.06.2026 22:38 - Указан как сова
10.06.2026 22:38 - Взят элемент # 2025-01-04T01:30 -> 2025-01-04T12:30
10.06.2026 22:38 - Указан как сова
10.06.2026 22:38 - Взят элемент # 2025-01-04T20:00 -> 2025-01-05T07:00
10.06.2026 22:38 - Указан как голубь
10.06.2026 22:38 - Взят элемент # 2025-01-05T20:00 -> 2025-01-06T07:00
10.06.2026 22:38 - Указан как голубь
10.06.2026 22:38 - Маппинг прошел - считаем
10.06.2026 22:38 - Голубь -> 2
10.06.2026 22:38 - Сова -> 3
10.06.2026 22:38 - Выбран Сова
10.06.2026 22:45 - Анализ SleepTypeFunction
10.06.2026 22:45 - Фильтрация прошла было элементов 5 стало -> 5
10.06.2026 22:45 - Взят элемент # 2025-01-01T19:30 -> 2025-01-02T06:30
10.06.2026 22:45 - Указан как жаворонок
10.06.2026 22:45 - Взят элемент # 2025-01-02T20:30 -> 2025-01-03T06:50
10.06.2026 22:45 - Указан как жаворонок
10.06.2026 22:45 - Взят элемент # 2025-01-04T17:30 -> 2025-01-05T05:30
10.06.2026 22:45 - Указан как жаворонок
10.06.2026 22:45 - Взят элемент # 2025-01-05T23:30 -> 2025-01-06T10:00
10.06.2026 22:45 - Указан как сова
10.06.2026 22:45 - Взят элемент # 2025-01-06T23:30 -> 2025-01-07T10:00
10.06.2026 22:45 - Указан как сова
10.06.2026 22:45 - Маппинг прошел - считаем
10.06.2026 22:45 - Жаворонок -> 3
10.06.2026 22:45 - Сова -> 2
10.06.2026 22:45 - Выбран Жаворонок
10.06.2026 22:45 - Анализ SleepTypeFunction
10.06.2026 22:45 - Фильтрация прошла было элементов 5 стало -> 5
10.06.2026 22:45 - Взят элемент # 2025-01-01T23:30 -> 2025-01-02T10:30
10.06.2026 22:45 - Указан как сова
10.06.2026 22:45 - Взят элемент # 2025-01-02T23:30 -> 2025-01-03T10:30
10.06.2026 22:45 - Указан как сова
10.06.2026 22:45 - Взят элемент # 2025-01-04T01:30 -> 2025-01-04T12:30
10.06.2026 22:45 - Указан как сова
10.06.2026 22:45 - Взят элемент # 2025-01-04T20:00 -> 2025-01-05T07:00
10.06.2026 22:45 - Указан как голубь
10.06.2026 22:45 - Взят элемент # 2025-01-05T20:00 -> 2025-01-06T07:00
10.06.2026 22:45 - Указан как голубь
10.06.2026 22:45 - Маппинг прошел - считаем
10.06.2026 22:45 - Голубь -> 2
10.06.2026 22:45 - Сова -> 3
10.06.2026 22:45 - Выбран Сова
10.06.2026 22:45 - Анализ SleepTypeFunction
10.06.2026 22:45 - Фильтрация прошла было элементов 13 стало -> 10
10.06.2026 22:45 - Взят элемент # 2025-10-01T23:15 -> 2025-10-02T07:30
10.06.2026 22:45 - Указан как голубь
10.06.2026 22:45 - Взят элемент # 2025-10-02T23:50 -> 2025-10-03T06:40
10.06.2026 22:45 - Указан как голубь
10.06.2026 22:45 - Взят элемент # 2025-10-03T23:40 -> 2025-10-04T08:00
10.06.2026 22:45 - Указан как голубь
10.06.2026 22:45 - Взят элемент # 2025-10-05T00:10 -> 2025-10-05T06:20
10.06.2026 22:45 - Указан как жаворонок
10.06.2026 22:45 - Взят элемент # 2025-10-06T22:30 -> 2025-10-07T05:50
10.06.2026 22:45 - Указан как голубь
10.06.2026 22:45 - Взят элемент # 2025-10-07T23:45 -> 2025-10-08T06:30
10.06.2026 22:45 - Указан как голубь
10.06.2026 22:45 - Взят элемент # 2025-10-08T23:50 -> 2025-10-09T07:10
10.06.2026 22:45 - Указан как голубь
10.06.2026 22:45 - Взят элемент # 2025-10-10T23:55 -> 2025-10-11T06:10
10.06.2026 22:45 - Указан как голубь
10.06.2026 22:45 - Взят элемент # 2025-10-11T23:10 -> 2025-10-12T07:00
10.06.2026 22:45 - Указан как голубь
10.06.2026 22:45 - Взят элемент # 2025-10-30T23:50 -> 2025-10-31T06:30
10.06.2026 22:45 - Указан как голубь
10.06.2026 22:45 - Маппинг прошел - считаем
10.06.2026 22:45 - Голубь -> 9
10.06.2026 22:45 - Жаворонок -> 1
10.06.2026 22:45 - Выбран Голубь
